<?xml version="1.0" encoding="UTF-8"?>
<!-- Generated by org.testng.reporters.JUnitReportReporter -->
<testsuite hostname="AyushandAnkit" failures="0" tests="11" name="com.test.InvocationCountTest" time="0.007" errors="0" timestamp="2024-01-09T19:23:20 IST" skipped="0">
  <testcase classname="com.test.InvocationCountTest" name="sum" time="0.000"/>
  <testcase classname="com.test.InvocationCountTest" name="sum" time="0.001"/>
  <testcase classname="com.test.InvocationCountTest" name="sum" time="0.001"/>
  <testcase classname="com.test.InvocationCountTest" name="sum" time="0.001"/>
  <testcase classname="com.test.InvocationCountTest" name="sum" time="0.001"/>
  <testcase classname="com.test.InvocationCountTest" name="sum" time="0.001"/>
  <testcase classname="com.test.InvocationCountTest" name="sum" time="0.001"/>
  <testcase classname="com.test.InvocationCountTest" name="sum" time="0.000"/>
  <testcase classname="com.test.InvocationCountTest" name="sum" time="0.001"/>
  <testcase classname="com.test.InvocationCountTest" name="sum" time="0.000"/>
  <testcase classname="com.test.InvocationCountTest" name="sum" time="0.000"/>
</testsuite> <!-- com.test.InvocationCountTest -->
