<?xml version="1.0" encoding="UTF-8"?>
<!-- Generated by org.testng.reporters.JUnitReportReporter -->
<testsuite hostname="AyushandAnkit" failures="0" tests="6" name="com.test.GoogleTest" time="19.583" errors="0" timestamp="2024-01-09T19:23:20 IST" skipped="0">
  <testcase classname="com.test.GoogleTest" name="GoogleTitleTest" time="2.828"/>
  <testcase classname="com.test.GoogleTest" name="GoogleLogoTest" time="4.885"/>
  <testcase classname="com.test.GoogleTest" name="mailLInkTest" time="2.846"/>
  <testcase classname="com.test.GoogleTest" name="Test3" time="2.969"/>
  <testcase classname="com.test.GoogleTest" name="Test1" time="3.168"/>
  <testcase classname="com.test.GoogleTest" name="Test2" time="2.887"/>
</testsuite> <!-- com.test.GoogleTest -->
