<?xml version="1.0" encoding="UTF-8"?>
<!-- Generated by org.testng.reporters.JUnitReportReporter -->
<testsuite hostname="AyushandAnkit" failures="0" tests="6" name="com.test.GoogleTest" time="22.175" errors="0" timestamp="2024-01-22T23:42:47 IST" skipped="0">
  <testcase classname="com.test.GoogleTest" name="GoogleTitleTest" time="3.630"/>
  <testcase classname="com.test.GoogleTest" name="GoogleLogoTest" time="3.400"/>
  <testcase classname="com.test.GoogleTest" name="mailLInkTest" time="4.472"/>
  <testcase classname="com.test.GoogleTest" name="Test3" time="3.662"/>
  <testcase classname="com.test.GoogleTest" name="Test1" time="3.576"/>
  <testcase classname="com.test.GoogleTest" name="Test2" time="3.435"/>
</testsuite> <!-- com.test.GoogleTest -->
