<?xml version="1.0" encoding="UTF-8"?>
<!-- Generated by org.testng.reporters.JUnitReportReporter -->
<testsuite hostname="AyushandAnkit" failures="0" tests="1" name="com.Parameter.ParameterTest" time="7.641" errors="0" timestamp="2024-01-09T23:48:42 IST" skipped="0">
  <testcase classname="com.Parameter.ParameterTest" name="yahooLoginTest" time="7.641"/>
</testsuite> <!-- com.Parameter.ParameterTest -->
