<?xml version="1.0" encoding="UTF-8"?>
<!-- Generated by org.testng.reporters.JUnitReportReporter -->
<testsuite hostname="AyushandAnkit" failures="0" tests="1" name="com.test.ExceptionTimeOutTest" time="0.001" errors="0" timestamp="2024-01-09T19:23:20 IST" skipped="0">
  <testcase classname="com.test.ExceptionTimeOutTest" name="endOfBeautifulSession" time="0.001"/>
</testsuite> <!-- com.test.ExceptionTimeOutTest -->
