<?xml version="1.0" encoding="UTF-8"?>
<!-- Generated by org.testng.reporters.JUnitReportReporter -->
<testsuite hostname="AyushandAnkit" failures="0" tests="11" name="com.test.InvocationCountTest" time="0.009" errors="0" timestamp="2024-01-22T23:42:47 IST" skipped="0">
  <testcase classname="com.test.InvocationCountTest" name="sum" time="0.001"/>
  <testcase classname="com.test.InvocationCountTest" name="sum" time="0.000"/>
  <testcase classname="com.test.InvocationCountTest" name="sum" time="0.000"/>
  <testcase classname="com.test.InvocationCountTest" name="sum" time="0.001"/>
  <testcase classname="com.test.InvocationCountTest" name="sum" time="0.000"/>
  <testcase classname="com.test.InvocationCountTest" name="sum" time="0.001"/>
  <testcase classname="com.test.InvocationCountTest" name="sum" time="0.001"/>
  <testcase classname="com.test.InvocationCountTest" name="sum" time="0.001"/>
  <testcase classname="com.test.InvocationCountTest" name="sum" time="0.002"/>
  <testcase classname="com.test.InvocationCountTest" name="sum" time="0.001"/>
  <testcase classname="com.test.InvocationCountTest" name="sum" time="0.001"/>
</testsuite> <!-- com.test.InvocationCountTest -->
