<?xml version="1.0" encoding="UTF-8"?>
<!-- Generated by org.testng.reporters.JUnitReportReporter -->
<testsuite hostname="AyushandAnkit" failures="0" tests="3" name="com.test.TestNgBasics" time="0.005" errors="0" timestamp="2024-01-22T23:42:47 IST" skipped="0">
  <testcase classname="com.test.TestNgBasics" name="searchTest" time="0.002"/>
  <testcase classname="com.test.TestNgBasics" name="googleTitleTest" time="0.001"/>
  <testcase classname="com.test.TestNgBasics" name="GoogleLogo" time="0.002"/>
</testsuite> <!-- com.test.TestNgBasics -->
