<?xml version="1.0" encoding="UTF-8"?>
<!-- Generated by org.testng.reporters.JUnitReportReporter -->
<testsuite hostname="AyushandAnkit" failures="0" tests="1" name="userLoginProcess.InvalidLoginPassword" time="8.034" errors="0" timestamp="2024-01-25T03:10:46 IST" skipped="0">
  <testcase classname="userLoginProcess.InvalidLoginPassword" name="InvalidLoginPassword" time="8.034"/>
</testsuite> <!-- userLoginProcess.InvalidLoginPassword -->
